<?xml version="1.0" encoding="UTF-8"?>
<!-- Generated by org.testng.reporters.JUnitReportReporter -->
<testsuite hostname="DESKTOP-UQP0FL8" failures="0" tests="8" name="com.sgtesting.Testng.Assignments1" time="0.306" errors="0" timestamp="2021-10-20T21:54:04 IST" skipped="0">
  <testcase classname="com.sgtesting.Testng.Assignments1" name="launchBrowser" time="0.153"/>
  <system-out/>
  <testcase classname="com.sgtesting.Testng.Assignments1" name="navigate" time="0.008"/>
  <system-out/>
  <testcase classname="com.sgtesting.Testng.Assignments1" name="login" time="0.027"/>
  <system-out/>
  <testcase classname="com.sgtesting.Testng.Assignments1" name="minimizeFlyOutWindow" time="0.012"/>
  <system-out/>
  <testcase classname="com.sgtesting.Testng.Assignments1" name="createUser" time="0.057"/>
  <system-out/>
  <testcase classname="com.sgtesting.Testng.Assignments1" name="deleteUser" time="0.016"/>
  <system-out/>
  <testcase classname="com.sgtesting.Testng.Assignments1" name="logout" time="0.022"/>
  <system-out/>
  <testcase classname="com.sgtesting.Testng.Assignments1" name="closeApplication" time="0.011"/>
  <system-out/>
</testsuite> <!-- com.sgtesting.Testng.Assignments1 -->
